[2025-11-18 18:43:24] [Info] ========================================
[2025-11-18 18:43:24] [Info] Resetting Windows Time Service
[2025-11-18 18:43:24] [Info] ========================================
[2025-11-18 18:43:24] [Info] Stopping W32Time service...
[2025-11-18 18:43:26] [Info] Unregistering W32Time service...
[2025-11-18 18:43:28] [Info] Re-registering W32Time service (restoring defaults)...
[2025-11-18 18:43:30] [Info] Configuring to use Windows default time server...
[2025-11-18 18:43:30] [Success] Configured to use time.windows.com
[2025-11-18 18:43:30] [Info] Setting service to auto-start...
[2025-11-18 18:43:30] [Info] Starting W32Time service...
[2025-11-18 18:43:32] [Info] Updating settings...
[2025-11-18 18:43:32] [Info] Forcing synchronization with Windows time server...
[2025-11-18 18:58:33] [Info] Removing custom firewall rules...
[2025-11-18 18:58:36] [Info] 
[2025-11-18 18:58:36] [Success] ========================================
[2025-11-18 18:58:36] [Success] Reset completed!
[2025-11-18 18:58:36] [Success] ========================================
[2025-11-18 18:58:36] [Info] 
[2025-11-18 18:58:36] [Info] Current service status:
[2025-11-18 18:58:36] [Info]   Service status: Running
[2025-11-18 18:58:36] [Info]   Startup type: Automatic
[2025-11-18 18:58:36] [Info] 
[2025-11-18 18:58:36] [Info] Time source configured as: time.windows.com
[2025-11-18 18:58:36] [Info] Sync interval: 3600 seconds (1 hour)
[2025-11-18 18:58:36] [Info] 
[2025-11-18 18:58:36] [Info] Running w32tm /query /status to check status...
